approve(spender,tokens) coms 52326
approve(spender,tokens) all_imlySlices 32
approve(spender,tokens) all_slices 248
approve(spender,tokens) coms 52326
approve(spender,tokens) all_imlySlices 32
approve(spender,tokens) all_slices 248
transferFrom(from,to,tokens) coms 208335
transferFrom(from,to,tokens) all_imlySlices 208
transferFrom(from,to,tokens) all_slices 563
transferFrom(from,to,tokens) coms 208335
transferFrom(from,to,tokens) all_imlySlices 208
transferFrom(from,to,tokens) all_slices 563
transfer(to,tokens) coms 109278
transfer(to,tokens) all_imlySlices 56
transfer(to,tokens) all_slices 325
transfer(to,tokens) coms 109278
transfer(to,tokens) all_imlySlices 56
transfer(to,tokens) all_slices 325

approve(spender,tokens) coms 52326
approve(spender,tokens) all_imlySlices 21
approve(spender,tokens) all_slices 237
approve(spender,tokens) coms 52326
approve(spender,tokens) all_imlySlices 21
approve(spender,tokens) all_slices 237
transferFrom(from,to,tokens) coms 208335
transferFrom(from,to,tokens) all_imlySlices 249
transferFrom(from,to,tokens) all_slices 604
transferFrom(from,to,tokens) coms 208335
transferFrom(from,to,tokens) all_imlySlices 249
transferFrom(from,to,tokens) all_slices 604
transfer(to,tokens) coms 109278
transfer(to,tokens) all_imlySlices 46
transfer(to,tokens) all_slices 315
transfer(to,tokens) coms 109278
transfer(to,tokens) all_imlySlices 46
transfer(to,tokens) all_slices 315

approve(spender,tokens) coms 52326
approve(spender,tokens) count 372
approve(spender,tokens) all_imlySlices 36
approve(spender,tokens) all_slices 252
approve(spender,tokens) coms 52326
approve(spender,tokens) count 372
approve(spender,tokens) all_imlySlices 36
approve(spender,tokens) all_slices 252
transferFrom(from,to,tokens) coms 208335
transferFrom(from,to,tokens) count 1200
transferFrom(from,to,tokens) all_imlySlices 175
transferFrom(from,to,tokens) all_slices 530
transferFrom(from,to,tokens) coms 208335
transferFrom(from,to,tokens) count 1200
transferFrom(from,to,tokens) all_imlySlices 175
transferFrom(from,to,tokens) all_slices 530
transfer(to,tokens) coms 109278
transfer(to,tokens) count 452
transfer(to,tokens) all_imlySlices 51
transfer(to,tokens) all_slices 320
transfer(to,tokens) coms 109278
transfer(to,tokens) count 452
transfer(to,tokens) all_imlySlices 51
transfer(to,tokens) all_slices 320

approve(spender,tokens) coms 52326
approve(spender,tokens) count 120
approve(spender,tokens) all_imlySlices 15
approve(spender,tokens) all_slices 231
approve(spender,tokens) coms 52326
approve(spender,tokens) count 120
approve(spender,tokens) all_imlySlices 15
approve(spender,tokens) all_slices 231
transferFrom(from,to,tokens) coms 208335
transferFrom(from,to,tokens) count 1164
transferFrom(from,to,tokens) all_imlySlices 172
transferFrom(from,to,tokens) all_slices 527
transferFrom(from,to,tokens) coms 208335
transferFrom(from,to,tokens) count 1164
transferFrom(from,to,tokens) all_imlySlices 172
transferFrom(from,to,tokens) all_slices 527
transfer(to,tokens) coms 109278
transfer(to,tokens) count 164
transfer(to,tokens) all_imlySlices 27
transfer(to,tokens) all_slices 296
transfer(to,tokens) coms 109278
transfer(to,tokens) count 164
transfer(to,tokens) all_imlySlices 27
transfer(to,tokens) all_slices 296


approve(spender,tokens) coms 52326
approve(spender,tokens) count 408
approve(spender,tokens) all_imlySlices 41
approve(spender,tokens) all_slices 257
approve(spender,tokens) coms 52326
approve(spender,tokens) count 408
approve(spender,tokens) all_imlySlices 41
approve(spender,tokens) all_slices 257
transferFrom(from,to,tokens) coms 208335
transferFrom(from,to,tokens) count 2604
transferFrom(from,to,tokens) all_imlySlices 300
transferFrom(from,to,tokens) all_slices 655
transferFrom(from,to,tokens) coms 208335
transferFrom(from,to,tokens) count 2604
transferFrom(from,to,tokens) all_imlySlices 300
transferFrom(from,to,tokens) all_slices 655
transfer(to,tokens) coms 109278
transfer(to,tokens) count 616
transfer(to,tokens) all_imlySlices 67
transfer(to,tokens) all_slices 336
transfer(to,tokens) coms 109278
transfer(to,tokens) count 616
transfer(to,tokens) all_imlySlices 67
transfer(to,tokens) all_slices 336

approve(spender,tokens) coms 52326
approve(spender,tokens) count 408
approve(spender,tokens) all_imlySlices 41
approve(spender,tokens) all_slices 257
approve(spender,tokens) coms 52326
approve(spender,tokens) count 408
approve(spender,tokens) all_imlySlices 41
approve(spender,tokens) all_slices 257
transferFrom(from,to,tokens) coms 208335
transferFrom(from,to,tokens) count 2604
transferFrom(from,to,tokens) all_imlySlices 300
transferFrom(from,to,tokens) all_slices 655
transferFrom(from,to,tokens) coms 208335
transferFrom(from,to,tokens) count 2604
transferFrom(from,to,tokens) all_imlySlices 300
transferFrom(from,to,tokens) all_slices 655
transfer(to,tokens) coms 109278
transfer(to,tokens) count 616
transfer(to,tokens) all_imlySlices 67
transfer(to,tokens) all_slices 336
transfer(to,tokens) coms 109278
transfer(to,tokens) count 616
transfer(to,tokens) all_imlySlices 67
transfer(to,tokens) all_slices 336